0 info it worked if it ends with ok
1 verbose cli [ '/home/imuser/.nvm/versions/node/v5.0.0/bin/node',
1 verbose cli   '/home/imuser/.nvm/versions/node/v5.0.0/bin/npm',
1 verbose cli   'run',
1 verbose cli   'tests' ]
2 info using npm@3.3.6
3 info using node@v5.0.0
4 verbose run-script [ 'pretests', 'tests', 'posttests' ]
5 info lifecycle pih_banca@0.0.1~pretests: pih_banca@0.0.1
6 silly lifecycle pih_banca@0.0.1~pretests: no script for pretests, continuing
7 info lifecycle pih_banca@0.0.1~tests: pih_banca@0.0.1
8 verbose lifecycle pih_banca@0.0.1~tests: unsafe-perm in lifecycle true
9 verbose lifecycle pih_banca@0.0.1~tests: PATH: /home/imuser/.nvm/versions/node/v5.0.0/lib/node_modules/npm/bin/node-gyp-bin:/home/imuser/Documents/intelimetrica/UIBanca/pih_banca/node_modules/.bin:/usr/local/heroku/bin:/home/imuser/.nvm/versions/node/v5.0.0/bin:/usr/local/sbin:/usr/local/bin:/usr/sbin:/usr/bin:/sbin:/bin:/usr/games:/usr/local/games
10 verbose lifecycle pih_banca@0.0.1~tests: CWD: /home/imuser/Documents/intelimetrica/UIBanca/pih_banca
11 silly lifecycle pih_banca@0.0.1~tests: Args: [ '-c',
11 silly lifecycle   'webpack-dev-server --config webpack.config.test.js --hot --inline --output-filename test.js' ]
12 silly lifecycle pih_banca@0.0.1~tests: Returned: code: 1  signal: null
13 info lifecycle pih_banca@0.0.1~tests: Failed to exec tests script
14 verbose stack Error: pih_banca@0.0.1 tests: `webpack-dev-server --config webpack.config.test.js --hot --inline --output-filename test.js`
14 verbose stack Exit status 1
14 verbose stack     at EventEmitter.<anonymous> (/home/imuser/.nvm/versions/node/v5.0.0/lib/node_modules/npm/lib/utils/lifecycle.js:233:16)
14 verbose stack     at emitTwo (events.js:87:13)
14 verbose stack     at EventEmitter.emit (events.js:172:7)
14 verbose stack     at ChildProcess.<anonymous> (/home/imuser/.nvm/versions/node/v5.0.0/lib/node_modules/npm/lib/utils/spawn.js:24:14)
14 verbose stack     at emitTwo (events.js:87:13)
14 verbose stack     at ChildProcess.emit (events.js:172:7)
14 verbose stack     at maybeClose (internal/child_process.js:818:16)
14 verbose stack     at Process.ChildProcess._handle.onexit (internal/child_process.js:211:5)
15 verbose pkgid pih_banca@0.0.1
16 verbose cwd /home/imuser/Documents/intelimetrica/UIBanca/pih_banca
17 error Linux 3.19.0-25-generic
18 error argv "/home/imuser/.nvm/versions/node/v5.0.0/bin/node" "/home/imuser/.nvm/versions/node/v5.0.0/bin/npm" "run" "tests"
19 error node v5.0.0
20 error npm  v3.3.6
21 error code ELIFECYCLE
22 error pih_banca@0.0.1 tests: `webpack-dev-server --config webpack.config.test.js --hot --inline --output-filename test.js`
22 error Exit status 1
23 error Failed at the pih_banca@0.0.1 tests script 'webpack-dev-server --config webpack.config.test.js --hot --inline --output-filename test.js'.
23 error This is most likely a problem with the pih_banca package,
23 error not with npm itself.
23 error Tell the author that this fails on your system:
23 error     webpack-dev-server --config webpack.config.test.js --hot --inline --output-filename test.js
23 error You can get their info via:
23 error     npm owner ls pih_banca
23 error There is likely additional logging output above.
24 verbose exit [ 1, true ]
